<?xml version="1.0" encoding="UTF-8"?>
<robot generator="Robot 3.2.2 (Python 3.9.1 on win32)" generated="20210204 19:33:01.008" rpa="false">
<suite id="s1" name="Test1" source="C:\Users\am_pe\eclipse-workspace\MyFirstRobotProject\RobotProject3\TestCases\Test1.robot">
<test id="s1-t1" name="LoginTest3">
<kw name="Open Browser" library="SeleniumLibrary">
<doc>Opens a new browser instance to the optional ``url``.</doc>
<arguments>
<arg>https://opensource-demo.orangehrmlive.com/</arg>
<arg>gc</arg>
</arguments>
<msg timestamp="20210204 19:33:01.613" level="INFO">Opening browser 'gc' to base url 'https://opensource-demo.orangehrmlive.com/'.</msg>
<status status="PASS" starttime="20210204 19:33:01.613" endtime="20210204 19:33:08.008"></status>
</kw>
<kw name="Maximize Browser Window" library="SeleniumLibrary">
<doc>Maximizes current browser window.</doc>
<status status="PASS" starttime="20210204 19:33:08.009" endtime="20210204 19:33:10.224"></status>
</kw>
<kw name="Input Text" library="SeleniumLibrary">
<doc>Types the given ``text`` into the text field identified by ``locator``.</doc>
<arguments>
<arg>xpath=//input[@id='txtUsername']</arg>
<arg>Admin</arg>
</arguments>
<msg timestamp="20210204 19:33:10.226" level="INFO">Typing text 'Admin' into text field 'xpath=//input[@id='txtUsername']'.</msg>
<status status="PASS" starttime="20210204 19:33:10.226" endtime="20210204 19:33:10.695"></status>
</kw>
<kw name="Input Password" library="SeleniumLibrary">
<doc>Types the given password into the text field identified by ``locator``.</doc>
<arguments>
<arg>xpath=//input[@id='txtPassword']</arg>
<arg>admin123</arg>
</arguments>
<msg timestamp="20210204 19:33:10.699" level="INFO">Typing password into text field 'xpath=//input[@id='txtPassword']'.</msg>
<msg timestamp="20210204 19:33:10.849" level="INFO">Temporally setting log level to: NONE</msg>
<msg timestamp="20210204 19:33:10.992" level="INFO">Log level changed from NONE to INFO.</msg>
<status status="PASS" starttime="20210204 19:33:10.698" endtime="20210204 19:33:10.992"></status>
</kw>
<kw name="Click Button" library="SeleniumLibrary">
<doc>Clicks the button identified by ``locator``.</doc>
<arguments>
<arg>xpath=//input[@id='btnLogin']</arg>
</arguments>
<msg timestamp="20210204 19:33:10.993" level="INFO">Clicking button 'xpath=//input[@id='btnLogin']'.</msg>
<status status="PASS" starttime="20210204 19:33:10.993" endtime="20210204 19:33:13.321"></status>
</kw>
<kw name="Wait Until Page Contains" library="SeleniumLibrary">
<doc>Waits until ``text`` appears on the current page.</doc>
<arguments>
<arg>Dashboard</arg>
</arguments>
<status status="PASS" starttime="20210204 19:33:13.338" endtime="20210204 19:33:13.784"></status>
</kw>
<status status="PASS" starttime="20210204 19:33:01.611" endtime="20210204 19:33:13.785" critical="yes"></status>
</test>
<test id="s1-t2" name="LoginTest4">
<kw name="Open Browser" library="SeleniumLibrary">
<doc>Opens a new browser instance to the optional ``url``.</doc>
<arguments>
<arg>https://opensource-demo.orangehrmlive.com/</arg>
<arg>gc</arg>
</arguments>
<msg timestamp="20210204 19:33:13.790" level="INFO">Opening browser 'gc' to base url 'https://opensource-demo.orangehrmlive.com/'.</msg>
<status status="PASS" starttime="20210204 19:33:13.789" endtime="20210204 19:33:21.488"></status>
</kw>
<kw name="Maximize Browser Window" library="SeleniumLibrary">
<doc>Maximizes current browser window.</doc>
<status status="PASS" starttime="20210204 19:33:21.493" endtime="20210204 19:33:24.074"></status>
</kw>
<kw name="Input Text" library="SeleniumLibrary">
<doc>Types the given ``text`` into the text field identified by ``locator``.</doc>
<arguments>
<arg>xpath=//input[@id='txtUsername']</arg>
<arg>Admin</arg>
</arguments>
<msg timestamp="20210204 19:33:24.075" level="INFO">Typing text 'Admin' into text field 'xpath=//input[@id='txtUsername']'.</msg>
<status status="PASS" starttime="20210204 19:33:24.075" endtime="20210204 19:33:24.587"></status>
</kw>
<kw name="Input Password" library="SeleniumLibrary">
<doc>Types the given password into the text field identified by ``locator``.</doc>
<arguments>
<arg>xpath=//input[@id='txtPassword']</arg>
<arg>admin123</arg>
</arguments>
<msg timestamp="20210204 19:33:24.589" level="INFO">Typing password into text field 'xpath=//input[@id='txtPassword']'.</msg>
<msg timestamp="20210204 19:33:24.925" level="INFO">Temporally setting log level to: NONE</msg>
<msg timestamp="20210204 19:33:25.389" level="INFO">Log level changed from NONE to INFO.</msg>
<status status="PASS" starttime="20210204 19:33:24.589" endtime="20210204 19:33:25.390"></status>
</kw>
<kw name="Set Selenium Implicit Wait" library="SeleniumLibrary">
<doc>Sets the implicit wait value used by Selenium.</doc>
<arguments>
<arg>10s</arg>
</arguments>
<status status="PASS" starttime="20210204 19:33:25.391" endtime="20210204 19:33:25.399"></status>
</kw>
<kw name="Click Button" library="SeleniumLibrary">
<doc>Clicks the button identified by ``locator``.</doc>
<arguments>
<arg>xpath=//input[@id='btnLogin']</arg>
</arguments>
<msg timestamp="20210204 19:33:25.400" level="INFO">Clicking button 'xpath=//input[@id='btnLogin']'.</msg>
<status status="PASS" starttime="20210204 19:33:25.399" endtime="20210204 19:33:30.196"></status>
</kw>
<status status="PASS" starttime="20210204 19:33:13.788" endtime="20210204 19:33:30.197" critical="yes"></status>
</test>
<status status="PASS" starttime="20210204 19:33:01.015" endtime="20210204 19:33:30.204"></status>
</suite>
<statistics>
<total>
<stat pass="2" fail="0">Critical Tests</stat>
<stat pass="2" fail="0">All Tests</stat>
</total>
<tag>
</tag>
<suite>
<stat pass="2" fail="0" id="s1" name="Test1">Test1</stat>
</suite>
</statistics>
<errors>
</errors>
</robot>
